2024-12-21 10:38:50 [INFO]: Login successful for delivery partner ID: 67652fac392f6ef74f9cec40
2024-12-21 10:39:40 [INFO]: Refresh Token: eyJhbGciOiJIUzI1NiIsInR5cCI6IkpXVCJ9.eyJ1c2VySWQiOiI2NzY1MmZhYzM5MmY2ZWY3NGY5Y2VjNDAiLCJyb2xlIjoiQWRtaW4iLCJpYXQiOjE3MzQ3NTU5MzAsImV4cCI6MTczNDg0MjMzMH0.jEodKI17HztW2Ha_PsBLHfwNzKnc_ANNJmppi0qO1Jw
2024-12-21 10:42:29 [INFO]: Refresh Token: eyJhbGciOiJIUzI1NiIsInR5cCI6IkpXVCJ9.eyJ1c2VySWQiOiI2NzY1MmZhYzM5MmY2ZWY3NGY5Y2VjNDAiLCJyb2xlIjoiQWRtaW4iLCJpYXQiOjE3MzQ3NTU5MzAsImV4cCI6MTczNDg0MjMzMH0.jEodKI17HztW2Ha_PsBLHfwNzKnc_ANNJmppi0qO1Jw
2024-12-21 10:43:38 [INFO]: User ID: 67652fac392f6ef74f9cec40
2024-12-21 11:33:49 [INFO]: Delivery Partner Register attempt for email: mehedi@gmail.com
2024-12-21 11:34:59 [INFO]: Customer Login attempt for email: mehedi@gmail.com
2024-12-21 11:34:59 [INFO]: Login successful for delivery partner ID: 6766533e3b71a2e8c009cad3
2024-12-21 11:46:59 [INFO]: Create category for: Milk, Curd & Paneer
2024-12-21 11:47:00 [INFO]: Category created successfully : 676656533b71a2e8c009cad6
2024-12-21 11:48:37 [INFO]: Create category for: Pharma & Wellness
2024-12-21 11:48:37 [INFO]: Category created successfully : 676656b53b71a2e8c009cad8
2024-12-21 11:48:42 [INFO]: Create category for: Pharma & Wellness
2024-12-21 11:49:42 [INFO]: Create category for: Vegetables & Fruits
2024-12-21 11:49:42 [INFO]: Category created successfully : 676656f63b71a2e8c009cadc
2024-12-21 11:54:07 [INFO]: Category update successfully : 676656b53b71a2e8c009cad8
2024-12-21 12:07:21 [INFO]: Create category for: Amul Gold Cream Milk
2024-12-21 12:09:24 [INFO]: Create category for: Amul Gold Cream Milk
2024-12-21 12:14:37 [INFO]: Create category for: Amul Gold Cream Milk
2024-12-21 12:22:17 [INFO]: Create category for: Amul Gold Cream Milk
2024-12-21 12:22:17 [INFO]: Product created successfully : 67665e996484670d7a3affc4
2024-12-21 12:28:57 [INFO]: Create category for: Gowardhan Panner
2024-12-21 12:28:57 [INFO]: Product created successfully : 676660296484670d7a3affc9
2024-12-21 12:33:41 [INFO]: Product update successfully : 67665e996484670d7a3affc4
